<?xml version="1.0" encoding="UTF-8"?>
<testsuite name="BookApiTest" tests="1" skipped="0" failures="0" errors="0" timestamp="2022-06-03T20:52:35" hostname="Varanica-Roman.local" time="4.81">
  <properties/>
  <testcase name="getBookList()" classname="BookApiTest" time="4.81"/>
  <system-out><![CDATA[]]></system-out>
  <system-err><![CDATA[]]></system-err>
</testsuite>
