<?xml version="1.0" encoding="UTF-8"?>
<testsuite name="BookApiTest" tests="1" skipped="0" failures="0" errors="0" timestamp="2022-04-27T21:49:34" hostname="Varanica-Roman.local" time="5.514">
  <properties/>
  <testcase name="createBook()" classname="BookApiTest" time="5.514"/>
  <system-out><![CDATA[Request method:	POST
Request URI:	https://restful-booker.herokuapp.com/auth
Proxy:			<none>
Request params:	<none>
Query params:	<none>
Form params:	<none>
Path params:	<none>
Headers:		Accept=*/*
				Content-Type=application/json; charset=utf-8
Cookies:		<none>
Multiparts:		<none>
Body:
{
    "username": "admin",
    "password": "password123"
}
HTTP/1.1 200 OK
Server: Cowboy
Connection: keep-alive
X-Powered-By: Express
Content-Type: application/json; charset=utf-8
Content-Length: 27
Etag: W/"1b-uEPw7IHiOjPkgHh9csPUDqLcvJo"
Date: Wed, 27 Apr 2022 21:49:38 GMT
Via: 1.1 vegur

{
    "token": "5a424e6f4d9795d"
}
Request method:	POST
Request URI:	https://restful-booker.herokuapp.com/booking
Proxy:			<none>
Request params:	<none>
Query params:	<none>
Form params:	<none>
Path params:	<none>
Headers:		Accept=*/*
				Content-Type=application/json; charset=utf-8
Cookies:		<none>
Multiparts:		<none>
Body:
{
    "firstname": "lorenso",
    "lastname": "Naveres",
    "totalprice": 120,
    "depositpaid": true,
    "bookingdates": {
        "checkin": "2014-10-23",
        "checkout": "2013-02-23"
    },
    "additionalneeds": "Breakfast"
}
HTTP/1.1 200 OK
Server: Cowboy
Connection: keep-alive
X-Powered-By: Express
Content-Type: application/json; charset=utf-8
Content-Length: 201
Etag: W/"c9-VMGlEwhhXoB8sMoNEQr//FzocbM"
Date: Wed, 27 Apr 2022 21:49:39 GMT
Via: 1.1 vegur

{
    "bookingid": 36,
    "booking": {
        "firstname": "lorenso",
        "lastname": "Naveres",
        "totalprice": 120,
        "depositpaid": true,
        "bookingdates": {
            "checkin": "2014-10-23",
            "checkout": "2013-02-23"
        },
        "additionalneeds": "Breakfast"
    }
}
]]></system-out>
  <system-err><![CDATA[]]></system-err>
</testsuite>
